<?xml version="1.0" encoding="UTF-8"?>
<!-- Generated by org.testng.reporters.JUnitReportReporter -->
<testsuite hostname="LAPTOP-BBIFTDBU" failures="0" tests="3" name="tests.LoginPageTest" time="44.923" errors="0" timestamp="2023-06-19T19:53:56 IST" skipped="0">
  <testcase classname="tests.LoginPageTest" name="validateLogoTest" time="12.697"/>
  <testcase classname="tests.LoginPageTest" name="validateLoginTest" time="19.275"/>
  <testcase classname="tests.LoginPageTest" name="validateLinksTest" time="12.951"/>
</testsuite> <!-- tests.LoginPageTest -->
