<?xml version="1.0" encoding="UTF-8"?>
<!-- Generated by org.testng.reporters.JUnitReportReporter -->
<testsuite hostname="LAPTOP-BBIFTDBU" failures="0" tests="1" name="GoogleTest" time="5.522" errors="0" timestamp="2023-06-19T15:04:00 IST" skipped="0">
  <testcase classname="GoogleTest" name="googleSearchTest" time="5.522"/>
</testsuite> <!-- GoogleTest -->
